Построение начато 20.03.2015 22:03:02.
     1>Проект "c:\documents and settings\administrator\my documents\visual studio 2010\Projects\csv\csv\csv.vcxproj" в узле 2 (целевые объекты build).
     1>PrepareForBuild:
         Создание каталога "c:\documents and settings\administrator\my documents\visual studio 2010\Projects\csv\Debug\".
       InitializeBuildStatus:
         Создание "Debug\csv.unsuccessfulbuild", так как было задано "AlwaysCreate".
       ClCompile:
         c:\Program Files (x86)\Microsoft Visual Studio 10.0\VC\bin\CL.exe /c /ZI /nologo /W3 /WX- /Od /Oy- /D WIN32 /D _DEBUG /D _CONSOLE /D _UNICODE /D UNICODE /Gm /EHsc /RTC1 /MDd /GS /fp:precise /Zc:wchar_t /Zc:forScope /Fo"Debug\\" /Fd"Debug\vc100.pdb" /Gd /TP /analyze- /errorReport:prompt main.cpp sha224.cpp
         sha224.cpp
         main.cpp
         Создание кода...
       ManifestResourceCompile:
         c:\Program Files (x86)\Microsoft SDKs\Windows\v7.0A\bin\rc.exe /nologo /fo"Debug\csv.exe.embed.manifest.res" Debug\csv_manifest.rc 
       Link:
         c:\Program Files (x86)\Microsoft Visual Studio 10.0\VC\bin\link.exe /ERRORREPORT:PROMPT /OUT:"c:\documents and settings\administrator\my documents\visual studio 2010\Projects\csv\Debug\csv.exe" /INCREMENTAL /NOLOGO kernel32.lib user32.lib gdi32.lib winspool.lib comdlg32.lib advapi32.lib shell32.lib ole32.lib oleaut32.lib uuid.lib odbc32.lib odbccp32.lib /MANIFEST /ManifestFile:"Debug\csv.exe.intermediate.manifest" /MANIFESTUAC:"level='asInvoker' uiAccess='false'" /DEBUG /PDB:"c:\documents and settings\administrator\my documents\visual studio 2010\Projects\csv\Debug\csv.pdb" /SUBSYSTEM:CONSOLE /TLBID:1 /DYNAMICBASE /NXCOMPAT /IMPLIB:"c:\documents and settings\administrator\my documents\visual studio 2010\Projects\csv\Debug\csv.lib" /MACHINE:X86 Debug\csv.exe.embed.manifest.res
         Debug\main.obj
         Debug\sha224.obj
       Manifest:
         c:\Program Files (x86)\Microsoft SDKs\Windows\v7.0A\bin\mt.exe /nologo /verbose /out:"Debug\csv.exe.embed.manifest" /manifest Debug\csv.exe.intermediate.manifest
         c:\Program Files (x86)\Microsoft SDKs\Windows\v7.0A\bin\rc.exe /nologo /fo"Debug\csv.exe.embed.manifest.res" Debug\csv_manifest.rc 
       LinkEmbedManifest:
         c:\Program Files (x86)\Microsoft Visual Studio 10.0\VC\bin\link.exe /ERRORREPORT:PROMPT /OUT:"c:\documents and settings\administrator\my documents\visual studio 2010\Projects\csv\Debug\csv.exe" /INCREMENTAL /NOLOGO kernel32.lib user32.lib gdi32.lib winspool.lib comdlg32.lib advapi32.lib shell32.lib ole32.lib oleaut32.lib uuid.lib odbc32.lib odbccp32.lib /MANIFEST /ManifestFile:"Debug\csv.exe.intermediate.manifest" /MANIFESTUAC:"level='asInvoker' uiAccess='false'" /DEBUG /PDB:"c:\documents and settings\administrator\my documents\visual studio 2010\Projects\csv\Debug\csv.pdb" /SUBSYSTEM:CONSOLE /TLBID:1 /DYNAMICBASE /NXCOMPAT /IMPLIB:"c:\documents and settings\administrator\my documents\visual studio 2010\Projects\csv\Debug\csv.lib" /MACHINE:X86 Debug\csv.exe.embed.manifest.res
         Debug\main.obj
         Debug\sha224.obj
         csv.vcxproj -> c:\documents and settings\administrator\my documents\visual studio 2010\Projects\csv\Debug\csv.exe
       FinalizeBuildStatus:
         Файл "Debug\csv.unsuccessfulbuild" удаляется.
         Обращение к "Debug\csv.lastbuildstate".
     1>Построение проекта "c:\documents and settings\administrator\my documents\visual studio 2010\Projects\csv\csv\csv.vcxproj" завершено (целевые объекты build).

Построение успешно завершено.

Затраченное время: 00:00:01.09
